#
# There is insufficient memory for the Java Runtime Environment to continue.
# Native memory allocation (mmap) failed to map 268435456 bytes for Failed to commit area from 0x0000000701000000 to 0x0000000711000000 of length 268435456.
# Possible reasons:
#   The system is out of physical RAM or swap space
#   The process is running with CompressedOops enabled, and the Java Heap may be blocking the growth of the native heap
# Possible solutions:
#   Reduce memory load on the system
#   Increase physical memory or swap space
#   Check if swap backing store is full
#   Decrease Java heap size (-Xmx/-Xms)
#   Decrease number of Java threads
#   Decrease Java thread stack sizes (-Xss)
#   Set larger code cache with -XX:ReservedCodeCacheSize=
# This output file may be truncated or incomplete.
#
#  Out of Memory Error (./src/hotspot/os/windows/os_windows.cpp:3303), pid=13760, tid=23680
#
# JRE version:  (11.0.8+10) (build )
# Java VM: OpenJDK 64-Bit Server VM (11.0.8+10-b944.34, mixed mode, sharing, tiered, compressed oops, g1 gc, windows-amd64)
# No core dump will be written. Minidumps are not enabled by default on client versions of Windows
#

---------------  S U M M A R Y ------------

Command Line: org.jetbrains.git4idea.http.GitAskPassApp Username for 'https://gitlab.com': 

Host: AMD Ryzen 5 2600 Six-Core Processor            , 12 cores, 15G,  Windows 10 , 64 bit Build 19041 (10.0.19041.804)
Time: Fri Mar  5 22:59:45 2021 Центральная Азия (зима) elapsed time: 0 seconds (0d 0h 0m 0s)

---------------  T H R E A D  ---------------

Current thread (0x000002c19bdfd800):  JavaThread "Unknown thread" [_thread_in_vm, id=23680, stack(0x000000e261700000,0x000000e261800000)]

Stack: [0x000000e261700000,0x000000e261800000]
Native frames: (J=compiled Java code, j=interpreted, Vv=VM code, C=native code)
V  [jvm.dll+0x5de35a]
V  [jvm.dll+0x712355]
V  [jvm.dll+0x7138ad]
V  [jvm.dll+0x713f63]
V  [jvm.dll+0x23e628]
V  [jvm.dll+0x5db804]
V  [jvm.dll+0x5d0925]
V  [jvm.dll+0x2faf9b]
V  [jvm.dll+0x2faf0a]
V  [jvm.dll+0x2fade2]
V  [jvm.dll+0x2ffcb6]
V  [jvm.dll+0x3483a3]
V  [jvm.dll+0x348aa6]
V  [jvm.dll+0x3484a3]
V  [jvm.dll+0x2d5be8]
V  [jvm.dll+0x2d6d87]
V  [jvm.dll+0x6f10e7]
V  [jvm.dll+0x6f28dc]
V  [jvm.dll+0x3558f9]
V  [jvm.dll+0x6d492e]
V  [jvm.dll+0x3bdad3]
V  [jvm.dll+0x3bfd01]
C  [jli.dll+0x5373]
C  [ucrtbase.dll+0x21bb2]
C  [KERNEL32.DLL+0x17034]
C  [ntdll.dll+0x4d241]


---------------  P R O C E S S  ---------------

Threads class SMR info:
_java_thread_list=0x000002c199ad4bb0, length=0, elements={
}

Java Threads: ( => current thread )

Other Threads:
  0x000002c19be14000 GCTaskThread "GC Thread#0" [stack: 0x000000e261800000,0x000000e261900000] [id=18300]
  0x000002c19be73000 ConcurrentGCThread "G1 Main Marker" [stack: 0x000000e261900000,0x000000e261a00000] [id=28268]
  0x000002c19be75800 ConcurrentGCThread "G1 Conc#0" [stack: 0x000000e261a00000,0x000000e261b00000] [id=27236]

[error occurred during error reporting (printing all threads), id 0xc0000005, EXCEPTION_ACCESS_VIOLATION (0xc0000005) at pc=0x00007ffe132260c7]

VM state:not at safepoint (not fully initialized)

VM Mutex/Monitor currently owned by a thread:  ([mutex/lock_event])
[0x000002c199bab6a0] Heap_lock - owner thread: 0x000002c19bdfd800

Heap address: 0x0000000701000000, size: 4080 MB, Compressed Oops mode: Non-zero based: 0x0000000701000000
Narrow klass base: 0x0000000000000000, Narrow klass shift: 0

GC Heap History (0 events):
No events

Deoptimization events (0 events):
No events

Classes redefined (0 events):
No events

Internal exceptions (0 events):
No events

Events (1 events):
Event: 0.006 Loaded shared library G:\WebStorm\WebStorm 2020.2.3\jbr\bin\zip.dll


Dynamic libraries:
0x00007ff61a520000 - 0x00007ff61a52a000 	G:\WebStorm\WebStorm 2020.2.3\jbr\bin\java.exe
0x00007ffe72470000 - 0x00007ffe72666000 	C:\WINDOWS\SYSTEM32\ntdll.dll
0x00007ffe71890000 - 0x00007ffe7194d000 	C:\WINDOWS\System32\KERNEL32.DLL
0x00007ffe701d0000 - 0x00007ffe70499000 	C:\WINDOWS\System32\KERNELBASE.dll
0x00007ffe6fbd0000 - 0x00007ffe6fcd0000 	C:\WINDOWS\System32\ucrtbase.dll
0x00007ffe6c530000 - 0x00007ffe6c549000 	G:\WebStorm\WebStorm 2020.2.3\jbr\bin\jli.dll
0x00007ffe6c510000 - 0x00007ffe6c527000 	G:\WebStorm\WebStorm 2020.2.3\jbr\bin\VCRUNTIME140.dll
0x00007ffe715d0000 - 0x00007ffe71770000 	C:\WINDOWS\System32\USER32.dll
0x00007ffe70120000 - 0x00007ffe70142000 	C:\WINDOWS\System32\win32u.dll
0x00007ffe517f0000 - 0x00007ffe51a8b000 	C:\WINDOWS\WinSxS\amd64_microsoft.windows.common-controls_6595b64144ccf1df_6.0.19041.746_none_ca02b4b61b8320a4\COMCTL32.dll
0x00007ffe71a80000 - 0x00007ffe71aaa000 	C:\WINDOWS\System32\GDI32.dll
0x00007ffe6fcd0000 - 0x00007ffe6fddb000 	C:\WINDOWS\System32\gdi32full.dll
0x00007ffe71d00000 - 0x00007ffe71d9e000 	C:\WINDOWS\System32\msvcrt.dll
0x00007ffe70080000 - 0x00007ffe7011d000 	C:\WINDOWS\System32\msvcp_win.dll
0x00007ffe71480000 - 0x00007ffe714b0000 	C:\WINDOWS\System32\IMM32.DLL
0x00007ffe6c470000 - 0x00007ffe6c50d000 	G:\WebStorm\WebStorm 2020.2.3\jbr\bin\msvcp140.dll
0x00007ffe12f40000 - 0x00007ffe139fd000 	G:\WebStorm\WebStorm 2020.2.3\jbr\bin\server\jvm.dll
0x00007ffe713d0000 - 0x00007ffe7147c000 	C:\WINDOWS\System32\ADVAPI32.dll
0x00007ffe721d0000 - 0x00007ffe7226c000 	C:\WINDOWS\System32\sechost.dll
0x00007ffe71da0000 - 0x00007ffe71ecb000 	C:\WINDOWS\System32\RPCRT4.dll
0x00007ffe713c0000 - 0x00007ffe713c8000 	C:\WINDOWS\System32\PSAPI.DLL
0x00007ffe51bc0000 - 0x00007ffe51bc9000 	C:\WINDOWS\SYSTEM32\WSOCK32.dll
0x00007ffe60740000 - 0x00007ffe60767000 	C:\WINDOWS\SYSTEM32\WINMM.dll
0x00007ffe635e0000 - 0x00007ffe635ea000 	C:\WINDOWS\SYSTEM32\VERSION.dll
0x00007ffe71c90000 - 0x00007ffe71cfb000 	C:\WINDOWS\System32\WS2_32.dll
0x00007ffe6e7a0000 - 0x00007ffe6e7b2000 	C:\WINDOWS\SYSTEM32\kernel.appcore.dll
0x00007ffe35870000 - 0x00007ffe35881000 	G:\WebStorm\WebStorm 2020.2.3\jbr\bin\verify.dll
0x00007ffe69b30000 - 0x00007ffe69d14000 	C:\WINDOWS\SYSTEM32\DBGHELP.DLL
0x00007ffe69120000 - 0x00007ffe6914c000 	C:\WINDOWS\SYSTEM32\dbgcore.DLL
0x00007ffe70150000 - 0x00007ffe701d0000 	C:\WINDOWS\System32\bcryptPrimitives.dll
0x00007ffe33050000 - 0x00007ffe33079000 	G:\WebStorm\WebStorm 2020.2.3\jbr\bin\java.dll
0x00007ffe64980000 - 0x00007ffe6498b000 	G:\WebStorm\WebStorm 2020.2.3\jbr\bin\jimage.dll
0x00007ffe339e0000 - 0x00007ffe339f8000 	G:\WebStorm\WebStorm 2020.2.3\jbr\bin\zip.dll

dbghelp: loaded successfully - version: 4.0.5 - missing functions: none
symbol engine: initialized successfully - sym options: 0x614 - pdb path: .;G:\WebStorm\WebStorm 2020.2.3\jbr\bin;C:\WINDOWS\SYSTEM32;C:\WINDOWS\WinSxS\amd64_microsoft.windows.common-controls_6595b64144ccf1df_6.0.19041.746_none_ca02b4b61b8320a4;G:\WebStorm\WebStorm 2020.2.3\jbr\bin\server

VM Arguments:
java_command: org.jetbrains.git4idea.http.GitAskPassApp Username for 'https://gitlab.com': 
java_class_path (initial): G:/WebStorm/WebStorm 2020.2.3/plugins/git4idea/lib/git4idea-rt.jar;G:/WebStorm/WebStorm 2020.2.3/lib/xmlrpc-2.0.1.jar;G:/WebStorm/WebStorm 2020.2.3/lib/commons-codec-1.14.jar
Launcher Type: SUN_STANDARD

[Global flags]
     intx CICompilerCount                          = 4                                         {product} {ergonomic}
     uint ConcGCThreads                            = 3                                         {product} {ergonomic}
     uint G1ConcRefinementThreads                  = 10                                        {product} {ergonomic}
   size_t G1HeapRegionSize                         = 1048576                                   {product} {ergonomic}
    uintx GCDrainStackTargetSize                   = 64                                        {product} {ergonomic}
   size_t InitialHeapSize                          = 268435456                                 {product} {ergonomic}
   size_t MarkStackSize                            = 4194304                                   {product} {ergonomic}
   size_t MaxHeapSize                              = 4278190080                                {product} {ergonomic}
   size_t MinHeapDeltaBytes                        = 1048576                                   {product} {ergonomic}
    uintx NonNMethodCodeHeapSize                   = 5836300                                {pd product} {ergonomic}
    uintx NonProfiledCodeHeapSize                  = 122910970                              {pd product} {ergonomic}
    uintx ProfiledCodeHeapSize                     = 122910970                              {pd product} {ergonomic}
    uintx ReservedCodeCacheSize                    = 251658240                              {pd product} {ergonomic}
     bool SegmentedCodeCache                       = true                                      {product} {ergonomic}
     bool UseCompressedClassPointers               = true                                 {lp64_product} {ergonomic}
     bool UseCompressedOops                        = true                                 {lp64_product} {ergonomic}
     bool UseG1GC                                  = true                                      {product} {ergonomic}
     bool UseLargePagesIndividualAllocation        = false                                  {pd product} {ergonomic}

Logging:
Log output configuration:
 #0: stdout all=warning uptime,level,tags
 #1: stderr all=off uptime,level,tags

Environment Variables:
PATH=C:\Program Files\Git\mingw64\libexec\git-core;C:\Program Files\Git\mingw64\libexec\git-core;C:\Program Files\Git\mingw64\bin;C:\Program Files\Git\usr\bin;C:\Users\rkali\bin;C:\Program Files (x86)\Common Files\Oracle\Java\javapath;G:\app\rkali\virtual\product\12.2.0\dbhome_1\bin;C:\ProgramData\Oracle\Java\javapath;C:\Program Files\Microsoft MPI\Bin;C:\WINDOWS\system32;C:\WINDOWS;C:\WINDOWS\System32\Wbem;C:\WINDOWS\System32\WindowsPowerShell\v1.0;C:\WINDOWS\System32\OpenSSH;C:\Program Files\nodejs;C:\Program Files\Microsoft SQL Server\130\Tools\Binn;C:\Program Files\Microsoft SQL Server\Client SDK\ODBC\170\Tools\Binn;C:\Program Files (x86)\Microsoft SQL Server\150\Tools\Binn;C:\Program Files\Microsoft SQL Server\150\Tools\Binn;C:\Program Files (x86)\Microsoft SQL Server\150\DTS\Binn;C:\Program Files\Microsoft SQL Server\150\DTS\Binn;C:\Program Files\Git\cmd;C:\Program Files\dotnet;C:\Users\rkali\AppData\Local\Microsoft\WindowsApps;C:\Program Files\JetBrains\PyCharm 2020.1.1\bin;C:\Users\rkali\AppData\Roaming\npm;C:\Program Files\JetBrains\WebStorm 2020.1.1\bin;C:\Program Files\JetBrains\PhpStorm 2020.1.1\bin;C:\Users\rkali\AppData\Local\GitHubDesktop\bin;G:\Microsoft VS Code\bin;G:\IntelliJ IDEA 2020.2.3\bin;C:\Users\rkali\AppData\Local\Microsoft\WindowsApps;C:\Users\rkali\.dotnet\tools;G:\Games\IntelliJ IDEA Community Edition 2020.2.3\bin;G:\WebStorm\WebStorm 2020.2.3\bin;G:\JetBrains Rider 2020.2.4\bin
USERNAME=rkali
DISPLAY=:0.0
LC_ALL=en_US.UTF-8
OS=Windows_NT
PROCESSOR_IDENTIFIER=AMD64 Family 23 Model 8 Stepping 2, AuthenticAMD



---------------  S Y S T E M  ---------------

OS: Windows 10 , 64 bit Build 19041 (10.0.19041.804)
OS uptime: 10 days 9:23 hours

CPU:total 12 (initial active 12) (12 cores per cpu, 2 threads per core) family 23 model 8 stepping 2, cmov, cx8, fxsr, mmx, sse, sse2, sse3, ssse3, sse4.1, sse4.2, popcnt, avx, avx2, aes, clmul, mmxext, 3dnowpref, lzcnt, sse4a, ht, tsc, tscinvbit, tscinv, bmi1, bmi2, adx, sha, fma

Memory: 4k page, system-wide physical 16315M (4292M free)
TotalPageFile size 36247M (AvailPageFile size 220M)
current process WorkingSet (physical memory assigned to process): 10M, peak: 10M
current process commit charge ("private bytes"): 64M, peak: 320M

vm_info: OpenJDK 64-Bit Server VM (11.0.8+10-b944.34) for windows-amd64 JRE (11.0.8+10-b944.34), built on Sep 11 2020 15:32:11 by "" with MS VC++ 14.0 (VS2015)

END.
